Arguments: 
  C:\Program Files\nodejs\node.exe C:\Program Files\nodejs\node_modules\yarn\bin\yarn.js init

PATH: 
  C:\Users\wagner.ferreira\bin;C:\Users\wagner.ferreira\AppData\Local\Programs\Git\mingw64\bin;C:\Users\wagner.ferreira\AppData\Local\Programs\Git\usr\local\bin;C:\Users\wagner.ferreira\AppData\Local\Programs\Git\usr\bin;C:\Users\wagner.ferreira\AppData\Local\Programs\Git\usr\bin;C:\Users\wagner.ferreira\AppData\Local\Programs\Git\mingw64\bin;C:\Users\wagner.ferreira\AppData\Local\Programs\Git\usr\bin;C:\Users\wagner.ferreira\bin;C:\Windows\system32;C:\Windows;C:\Windows\System32\Wbem;C:\Windows\System32\WindowsPowerShell\v1.0;C:\Windows\System32\OpenSSH;C:\Users\wagner.ferreira\AppData\Roaming\nvm;C:\Program Files\nodejs;C:\Program Files\dotnet;C:\Program Files\Microsoft SQL Server\130\Tools\Binn;C:\Program Files (x86)\Yarn\bin;C:\Users\wagner.ferreira\AppData\Local\Microsoft\WindowsApps;C:\Users\wagner.ferreira\AppData\Local\Programs\Microsoft VS Code\bin;C:\Users\wagner.ferreira\AppData\Local\Programs\Git\cmd;C:\Users\wagner.ferreira\AppData\Local\GitHubDesktop\bin;C:\Users\wagner.ferreira\AppData\Roaming\nvm;C:\Program Files\nodejs;C:\Users\wagner.ferreira\AppData\Local\Yarn\bin;C:\Users\wagner.ferreira\AppData\Local\Programs\Git\usr\bin\vendor_perl;C:\Users\wagner.ferreira\AppData\Local\Programs\Git\usr\bin\core_perl

Yarn version: 
  1.16.0

Node version: 
  8.11.3

Platform: 
  win32 x64

Trace: 
  Error: Can't answer a question unless a user TTY
      at ConsoleReporter.question (C:\Users\wagner.ferreira\AppData\Roaming\nvm\v8.11.3\node_modules\yarn\lib\cli.js:96033:59)
      at Object.<anonymous> (C:\Users\wagner.ferreira\AppData\Roaming\nvm\v8.11.3\node_modules\yarn\lib\cli.js:88394:38)
      at Generator.next (<anonymous>)
      at step (C:\Users\wagner.ferreira\AppData\Roaming\nvm\v8.11.3\node_modules\yarn\lib\cli.js:304:30)
      at C:\Users\wagner.ferreira\AppData\Roaming\nvm\v8.11.3\node_modules\yarn\lib\cli.js:315:13
      at <anonymous>
      at process._tickCallback (internal/process/next_tick.js:188:7)

npm manifest: 
  No manifest

yarn manifest: 
  No manifest

Lockfile: 
  # THIS IS AN AUTOGENERATED FILE. DO NOT EDIT THIS FILE DIRECTLY.
  # yarn lockfile v1
